<?xml version="1.0" encoding="UTF-8"?>
<!-- Generated by org.testng.reporters.JUnitReportReporter -->
<testsuite hostname="DESKTOP-L06357O" failures="0" tests="8" name="AlmosaferWeb.MyTestCases" time="2.933" errors="0" timestamp="2024-02-01T18:45:37 EET" skipped="5">
  <testcase classname="AlmosaferWeb.MyTestCases" name="CheckDepartureDateAndReturnDate" time="0.116"/>
  <system-out/>
  <testcase classname="AlmosaferWeb.MyTestCases" name="RandomMethodToChangeTheLanguage" time="1.507"/>
  <system-out/>
  <testcase classname="AlmosaferWeb.MyTestCases" name="SwitchToHotelTap" time="1.310"/>
  <system-out/>
  <testcase classname="AlmosaferWeb.MyTestCases" name="CheckHotelTapIsNotSelectedByDeafult">
    <skipped/>
  </testcase> <!-- CheckHotelTapIsNotSelectedByDeafult -->
  <system-out/>
  <testcase classname="AlmosaferWeb.MyTestCases" name="CheckQitafLogo">
    <skipped/>
  </testcase> <!-- CheckQitafLogo -->
  <system-out/>
  <testcase classname="AlmosaferWeb.MyTestCases" name="CheckContactNumber">
    <skipped/>
  </testcase> <!-- CheckContactNumber -->
  <system-out/>
  <testcase classname="AlmosaferWeb.MyTestCases" name="CheckTheDeafultLanguageIsEnglish">
    <skipped/>
  </testcase> <!-- CheckTheDeafultLanguageIsEnglish -->
  <system-out/>
  <testcase classname="AlmosaferWeb.MyTestCases" name="CheckTheDeafultCurrencyIsSAR">
    <skipped/>
  </testcase> <!-- CheckTheDeafultCurrencyIsSAR -->
  <system-out/>
</testsuite> <!-- AlmosaferWeb.MyTestCases -->
