<?xml version="1.0" encoding="UTF-8"?>
<!-- Generated by org.testng.reporters.JUnitReportReporter -->
<testsuite hostname="DESKTOP-L06357O" failures="0" tests="11" name="AlmosaferWeb.MyTestCases" time="44.050" errors="0" timestamp="2024-02-05T14:39:50 EET" skipped="6">
  <testcase classname="AlmosaferWeb.MyTestCases" name="RandomMethodToChangeTheLanguage" time="2.419"/>
  <system-out/>
  <testcase classname="AlmosaferWeb.MyTestCases" name="SwitchToHotelTap" time="2.041"/>
  <system-out/>
  <testcase classname="AlmosaferWeb.MyTestCases" name="randomSelectTheVisitorNumber" time="7.423"/>
  <system-out/>
  <testcase classname="AlmosaferWeb.MyTestCases" name="makeSurePageIsFullyLoaded" time="30.072"/>
  <system-out/>
  <testcase classname="AlmosaferWeb.MyTestCases" name="sortTheItemsBasedOnThEPrice" time="2.095"/>
  <system-out/>
  <testcase classname="AlmosaferWeb.MyTestCases" name="CheckHotelTapIsNotSelectedByDeafult">
    <skipped/>
  </testcase> <!-- CheckHotelTapIsNotSelectedByDeafult -->
  <system-out/>
  <testcase classname="AlmosaferWeb.MyTestCases" name="CheckQitafLogo">
    <skipped/>
  </testcase> <!-- CheckQitafLogo -->
  <system-out/>
  <testcase classname="AlmosaferWeb.MyTestCases" name="CheckContactNumber">
    <skipped/>
  </testcase> <!-- CheckContactNumber -->
  <system-out/>
  <testcase classname="AlmosaferWeb.MyTestCases" name="CheckTheDeafultLanguageIsEnglish">
    <skipped/>
  </testcase> <!-- CheckTheDeafultLanguageIsEnglish -->
  <system-out/>
  <testcase classname="AlmosaferWeb.MyTestCases" name="CheckDepartureDateAndReturnDate">
    <skipped/>
  </testcase> <!-- CheckDepartureDateAndReturnDate -->
  <system-out/>
  <testcase classname="AlmosaferWeb.MyTestCases" name="CheckTheDeafultCurrencyIsSAR">
    <skipped/>
  </testcase> <!-- CheckTheDeafultCurrencyIsSAR -->
  <system-out/>
</testsuite> <!-- AlmosaferWeb.MyTestCases -->
